e:\ms\sem2spring2015\object oriented design\projects\pr 3\socket communication 1.0\peer\debug\vc120.pdb
e:\ms\sem2spring2015\object oriented design\projects\pr 3\socket communication 1.0\peer\debug\vc120.idb
e:\ms\sem2spring2015\object oriented design\projects\pr 3\socket communication 1.0\peer\debug\apphelpers.obj
e:\ms\sem2spring2015\object oriented design\projects\pr 3\socket communication 1.0\peer\debug\sockets.obj
e:\ms\sem2spring2015\object oriented design\projects\pr 3\socket communication 1.0\peer\debug\cmdparser.obj
e:\ms\sem2spring2015\object oriented design\projects\pr 3\socket communication 1.0\peer\debug\communication.obj
e:\ms\sem2spring2015\object oriented design\projects\pr 3\socket communication 1.0\peer\debug\dispatcher.obj
e:\ms\sem2spring2015\object oriented design\projects\pr 3\socket communication 1.0\peer\debug\display.obj
e:\ms\sem2spring2015\object oriented design\projects\pr 3\socket communication 1.0\peer\debug\executive.obj
e:\ms\sem2spring2015\object oriented design\projects\pr 3\socket communication 1.0\peer\debug\filesystem.obj
e:\ms\sem2spring2015\object oriented design\projects\pr 3\socket communication 1.0\peer\debug\message.obj
e:\ms\sem2spring2015\object oriented design\projects\pr 3\socket communication 1.0\peer\debug\peer.obj
e:\github\socket communication 1.0\peer\debug\vc120.pdb
e:\github\socket communication 1.0\peer\debug\vc120.idb
e:\github\socket communication 1.0\peer\debug\apphelpers.obj
e:\github\socket communication 1.0\peer\debug\sockets.obj
e:\github\socket communication 1.0\peer\debug\cmdparser.obj
e:\github\socket communication 1.0\peer\debug\filesystem.obj
e:\github\socket communication 1.0\peer\debug\message.obj
e:\github\socket communication 1.0\peer\debug\communication.obj
e:\github\socket communication 1.0\peer\debug\dispatcher.obj
e:\github\socket communication 1.0\peer\debug\display.obj
e:\github\socket communication 1.0\peer\debug\executive.obj
e:\github\socket communication 1.0\peer\debug\peer.obj
e:\ms\sem2spring2015\object oriented design\projects\pr 3\socket communication 1.0\debug\peer.ilk
e:\ms\sem2spring2015\object oriented design\projects\pr 3\socket communication 1.0\debug\peer.exe
e:\ms\sem2spring2015\object oriented design\projects\pr 3\socket communication 1.0\debug\peer.pdb
e:\github\socket communication 1.0\debug\peer.ilk
e:\github\socket communication 1.0\debug\peer.exe
e:\github\socket communication 1.0\debug\peer.pdb
e:\github\socket communication 1.0\peer\debug\peer.tlog\cl.command.1.tlog
e:\github\socket communication 1.0\peer\debug\peer.tlog\cl.read.1.tlog
e:\github\socket communication 1.0\peer\debug\peer.tlog\cl.write.1.tlog
e:\github\socket communication 1.0\peer\debug\peer.tlog\link.command.1.tlog
e:\github\socket communication 1.0\peer\debug\peer.tlog\link.read.1.tlog
e:\github\socket communication 1.0\peer\debug\peer.tlog\link.write.1.tlog
