Build started 4/15/2015 9:59:05 AM.
     1>Project "E:\GitHub\Socket Communication 1.0\Peer\PeerServer.vcxproj" on node 5 (Rebuild target(s)).
     1>ClCompile:
         C:\Program Files (x86)\Microsoft Visual Studio 12.0\VC\bin\CL.exe /c /ZI /nologo /W3 /WX- /sdl /Od /Oy- /D _MBCS /D _MBCS /D TEST_EXECUTIVE /Gm /EHsc /RTC1 /MDd /GS /fp:precise /Zc:wchar_t /Zc:forScope /Fo"Debug\\" /Fd"Debug\vc120.pdb" /Gd /TP /analyze- /errorReport:prompt ..\ApplicationHelpers\AppHelpers.cpp ..\Sockets\Sockets.cpp CmdParser.cpp Communication.cpp Dispatcher.cpp Display.cpp Executive.cpp FileSystem.cpp Message.cpp Peer.cpp
         Peer.cpp
         Message.cpp
         FileSystem.cpp
         Executive.cpp
         Display.cpp
         Dispatcher.cpp
         Communication.cpp
         CmdParser.cpp
         Sockets.cpp
         AppHelpers.cpp
         Generating Code...
       Link:
         C:\Program Files (x86)\Microsoft Visual Studio 12.0\VC\bin\link.exe /ERRORREPORT:PROMPT /OUT:"E:\GitHub\Socket Communication 1.0\Debug\Peer.exe" /INCREMENTAL /NOLOGO kernel32.lib user32.lib gdi32.lib winspool.lib comdlg32.lib advapi32.lib shell32.lib ole32.lib oleaut32.lib uuid.lib odbc32.lib odbccp32.lib /MANIFEST /MANIFESTUAC:"level='asInvoker' uiAccess='false'" /manifest:embed /DEBUG /PDB:"E:\GitHub\Socket Communication 1.0\Debug\Peer.pdb" /SUBSYSTEM:CONSOLE /TLBID:1 /DYNAMICBASE /NXCOMPAT /IMPLIB:"E:\GitHub\Socket Communication 1.0\Debug\Peer.lib" /MACHINE:X86 Debug\AppHelpers.obj
         Debug\Sockets.obj
         Debug\CmdParser.obj
         Debug\Communication.obj
         Debug\Dispatcher.obj
         Debug\Display.obj
         Debug\Executive.obj
         Debug\FileSystem.obj
         Debug\Message.obj
         Debug\Peer.obj
         PeerServer.vcxproj -> E:\GitHub\Socket Communication 1.0\Debug\Peer.exe
     1>Done Building Project "E:\GitHub\Socket Communication 1.0\Peer\PeerServer.vcxproj" (Rebuild target(s)).

Build succeeded.

Time Elapsed 00:00:12.35
