e:\ms\sem2spring2015\object oriented design\projects\pr 3\socket communication 1.0\sockets\debug\vc120.pdb
e:\ms\sem2spring2015\object oriented design\projects\pr 3\socket communication 1.0\sockets\debug\vc120.idb
e:\ms\sem2spring2015\object oriented design\projects\pr 3\socket communication 1.0\sockets\debug\apphelpers.obj
e:\ms\sem2spring2015\object oriented design\projects\pr 3\socket communication 1.0\sockets\debug\windowshelpers.obj
e:\ms\sem2spring2015\object oriented design\projects\pr 3\socket communication 1.0\sockets\debug\sockets.obj
e:\github\socket communication 1.0\sockets\debug\vc120.pdb
e:\github\socket communication 1.0\sockets\debug\vc120.idb
e:\github\socket communication 1.0\sockets\debug\apphelpers.obj
e:\github\socket communication 1.0\sockets\debug\windowshelpers.obj
e:\github\socket communication 1.0\sockets\debug\sockets.obj
e:\ms\sem2spring2015\object oriented design\projects\pr 3\socket communication 1.0\debug\sockets.ilk
e:\ms\sem2spring2015\object oriented design\projects\pr 3\socket communication 1.0\debug\sockets.exe
e:\ms\sem2spring2015\object oriented design\projects\pr 3\socket communication 1.0\debug\sockets.pdb
e:\github\socket communication 1.0\debug\sockets.ilk
e:\github\socket communication 1.0\debug\sockets.exe
e:\github\socket communication 1.0\debug\sockets.pdb
e:\github\socket communication 1.0\sockets\debug\sockets.tlog\cl.command.1.tlog
e:\github\socket communication 1.0\sockets\debug\sockets.tlog\cl.read.1.tlog
e:\github\socket communication 1.0\sockets\debug\sockets.tlog\cl.write.1.tlog
e:\github\socket communication 1.0\sockets\debug\sockets.tlog\link.command.1.tlog
e:\github\socket communication 1.0\sockets\debug\sockets.tlog\link.read.1.tlog
e:\github\socket communication 1.0\sockets\debug\sockets.tlog\link.write.1.tlog
